<?xml version="1.0" encoding="UTF-8" ?>
<testsuite tests="1" failures="0" name="hellocucumber.RunCucumberTest" time="0.083" errors="0" skipped="1">
  <properties>
[...]
</properties>
  <testcase classname="Is it Friday yet?" name="Sunday isn&apos;t Friday" time="0.083">
    <skipped/>
    <system-out>
Scenario: Sunday isn&apos;t Friday        &amp;#27;[90m# hellocucumber/is_it_friday_yet.feature:15&amp;#27;[0m
  &amp;#27;[33mGiven &amp;#27;[0m&amp;#27;[33mtoday is Sunday&amp;#27;[0m              &amp;#27;[90m# void hellocucumber.StepDefinitions.today_is_Sunday()&amp;#27;[0m
      &amp;#27;[33mio.cucumber.java.PendingException: TODO: implement me
	at hellocucumber.StepDefinitions.today_is_Sunday(StepDefinitions.kt:13)
	at ?.today is Sunday(classpath:hellocucumber/is_it_friday_yet.feature:16)
&amp;#27;[0m
  &amp;#27;[36mWhen &amp;#27;[0m&amp;#27;[36mI ask whether it&apos;s Friday yet&amp;#27;[0m &amp;#27;[90m# void hellocucumber.StepDefinitions.i_ask_whether_it_s_Friday_yet()&amp;#27;[0m
  &amp;#27;[36mThen &amp;#27;[0m&amp;#27;[36mI should be told &amp;#27;[0m&amp;#27;[36m&amp;#27;[1m&quot;Nope&quot;&amp;#27;[0m       &amp;#27;[90m# void hellocucumber.StepDefinitions.i_should_be_told(java.lang.String)&amp;#27;[0m
</system-out>
    <system-err>Apr 29, 2020 8:19:42 PM io.cucumber.junit.Cucumber &lt;init&gt;
WARNING: By default Cucumber is running in --non-strict mode.
This default will change to --strict and --non-strict will be removed.
You can use --strict or @CucumberOptions(strict = true) to suppress this warning
</system-err>
  </testcase>
</testsuite>